TN:
SF:src\modules\users\services\CreateSessionService.ts
FN:19,(anonymous_18)
FN:21,CreateSessionService
FN:32,(anonymous_20)
FNF:3
FNH:3
FNDA:1,(anonymous_18)
FNDA:3,CreateSessionService
FNDA:3,(anonymous_20)
DA:1,1
DA:2,1
DA:19,1
DA:23,3
DA:25,3
DA:27,3
DA:32,3
DA:33,3
DA:35,3
DA:36,1
DA:39,2
DA:41,2
DA:42,1
DA:45,1
DA:47,1
DA:53,1
DA:55,1
LF:17
LH:17
BRDA:33,0,0,3
BRDA:35,1,0,1
BRDA:35,1,1,2
BRDA:41,2,0,1
BRDA:41,2,1,1
BRF:5
BRH:5
end_of_record
TN:
SF:src\modules\users\services\CreateUserService.ts
FN:17,(anonymous_18)
FN:19,CreateUserService
FN:26,(anonymous_20)
FNF:3
FNH:3
FNDA:2,(anonymous_18)
FNDA:5,CreateUserService
FNDA:6,(anonymous_20)
DA:1,2
DA:2,2
DA:17,2
DA:21,5
DA:23,5
DA:26,6
DA:28,6
DA:29,0
DA:32,6
DA:34,6
DA:35,1
DA:38,5
DA:40,5
DA:48,5
DA:50,5
DA:52,2
DA:54,2
LF:17
LH:16
BRDA:28,0,0,0
BRDA:28,0,1,6
BRDA:28,1,0,6
BRDA:28,1,1,6
BRDA:28,1,2,6
BRDA:28,1,3,6
BRDA:28,1,4,6
BRDA:34,2,0,1
BRDA:34,2,1,5
BRF:9
BRH:8
end_of_record
